<?xml version="1.0" encoding="UTF-8"?>
<!-- Generated by org.testng.reporters.JUnitReportReporter -->
<testsuite hostname="DESKTOP-3O91SVI" failures="0" tests="1" name="testcases.CartTestCasesAlternateFlow" time="1.142" errors="0" timestamp="2023-04-04T18:10:34 IST" skipped="0">
  <testcase classname="testcases.CartTestCasesAlternateFlow" name="CartPageAlternateFlow" time="1.142"/>
  <system-out/>
</testsuite> <!-- testcases.CartTestCasesAlternateFlow -->
