<?xml version="1.0" encoding="UTF-8"?>
<!-- Generated by org.testng.reporters.JUnitReportReporter -->
<testsuite hostname="DESKTOP-3O91SVI" failures="0" tests="3" name="testcases.FooterTestCases" time="1.560" errors="0" timestamp="2023-04-04T18:10:34 IST" skipped="0">
  <testcase classname="testcases.FooterTestCases" name="verifyFooter" time="0.551"/>
  <system-out/>
  <testcase classname="testcases.FooterTestCases" name="verifyFooter" time="0.593"/>
  <system-out/>
  <testcase classname="testcases.FooterTestCases" name="verifyFooter" time="0.416"/>
  <system-out/>
</testsuite> <!-- testcases.FooterTestCases -->
