<?xml version="1.0" encoding="UTF-8"?>
<!-- Generated by org.testng.reporters.JUnitReportReporter -->
<testsuite hostname="DESKTOP-3O91SVI" failures="0" tests="6" name="testcases.LoginTestCases" time="1.879" errors="0" timestamp="2023-04-04T18:10:34 IST" skipped="0">
  <testcase classname="testcases.LoginTestCases" name="verifyUser" time="0.328"/>
  <system-out/>
  <testcase classname="testcases.LoginTestCases" name="verifyUser" time="0.324"/>
  <system-out/>
  <testcase classname="testcases.LoginTestCases" name="verifyUser" time="0.299"/>
  <system-out/>
  <testcase classname="testcases.LoginTestCases" name="verifyUser" time="0.289"/>
  <system-out/>
  <testcase classname="testcases.LoginTestCases" name="verifyUser" time="0.330"/>
  <system-out/>
  <testcase classname="testcases.LoginTestCases" name="verifyUser" time="0.309"/>
  <system-out/>
</testsuite> <!-- testcases.LoginTestCases -->
